<?xml version="1.0" encoding="UTF-8"?>
<!-- Generated by org.testng.reporters.JUnitXMLReporter -->
<testsuite ignored="0" hostname="LAPTOP-VFKJ2SC9" failures="1" tests="5" name="Test1" time="150.848" errors="0" timestamp="2022-08-12T18:48:47 IST">
  <testcase classname="VGP.Filter_Chile_Country" name="Clear" time="29.4"/>
  <testcase classname="VGP.Filter_Country_Cell_Department" name="Clear" time="29.708">
    <failure type="java.lang.AssertionError" message="expected [1] but found [20]">
      <![CDATA[java.lang.AssertionError: expected [1] but found [20]
at VGP.Filter_Country_Cell_Department.Clear(Filter_Country_Cell_Department.java:96)
at java.base/java.util.ArrayList.forEach(ArrayList.java:1511)
... Removed 33 stack frames]]>
    </failure>
  </testcase> <!-- Clear -->
  <testcase classname="VGP.Filter_Country_Cell" name="Clear" time="24.035"/>
  <testcase classname="VGP.Filter_Mexico_Country" name="Clear" time="33.235"/>
  <testcase classname="VGP.Filter_US_Country" name="Clear" time="34.453"/>
</testsuite> <!-- Test1 -->
