<?xml version="1.0" encoding="UTF-8"?>
<testng-results ignored="0" total="1" passed="1" failed="0" skipped="0">
  <reporter-output>
  </reporter-output>
  <suite started-at="2024-07-18T15:21:12 IST" name="Default suite" finished-at="2024-07-18T15:22:09 IST" duration-ms="57177">
    <groups>
    </groups>
    <test started-at="2024-07-18T15:21:12 IST" name="Default test" finished-at="2024-07-18T15:22:09 IST" duration-ms="57177">
      <class name="VGP.ViewEmployeeList">
        <test-method signature="viewEmployeeList()[pri:0, instance:VGP.ViewEmployeeList@6babf3bf]" started-at="2024-07-18T15:21:12 IST" name="viewEmployeeList" finished-at="2024-07-18T15:22:09 IST" duration-ms="57112" status="PASS">
          <reporter-output>
          </reporter-output>
        </test-method> <!-- viewEmployeeList -->
      </class> <!-- VGP.ViewEmployeeList -->
    </test> <!-- Default test -->
  </suite> <!-- Default suite -->
</testng-results>
